This is pdfTeX, Version 3.14159265-2.6-1.40.16 (TeX Live 2015) (preloaded format=pdflatex 2015.5.24)  16 DEC 2019 16:08
entering extended mode
 restricted \write18 enabled.
 %&-line parsing enabled.
**final_paper.tex
(./final_paper.tex
LaTeX2e <2015/01/01>
Babel <3.9l> and hyphenation patterns for 79 languages loaded.
(/usr/local/texlive/2015/texmf-dist/tex/latex/base/article.cls
Document Class: article 2014/09/29 v1.4h Standard LaTeX document class
(/usr/local/texlive/2015/texmf-dist/tex/latex/base/size12.clo
File: size12.clo 2014/09/29 v1.4h Standard LaTeX file (size option)
)
\c@part=\count79
\c@section=\count80
\c@subsection=\count81
\c@subsubsection=\count82
\c@paragraph=\count83
\c@subparagraph=\count84
\c@figure=\count85
\c@table=\count86
\abovecaptionskip=\skip41
\belowcaptionskip=\skip42
\bibindent=\dimen102
)
(/usr/local/texlive/2015/texmf-dist/tex/latex/geometry/geometry.sty
Package: geometry 2010/09/12 v5.6 Page Geometry

(/usr/local/texlive/2015/texmf-dist/tex/latex/graphics/keyval.sty
Package: keyval 2014/10/28 v1.15 key=value parser (DPC)
\KV@toks@=\toks14
)
(/usr/local/texlive/2015/texmf-dist/tex/generic/oberdiek/ifpdf.sty
Package: ifpdf 2011/01/30 v2.3 Provides the ifpdf switch (HO)
Package ifpdf Info: pdfTeX in PDF mode is detected.
)
(/usr/local/texlive/2015/texmf-dist/tex/generic/oberdiek/ifvtex.sty
Package: ifvtex 2010/03/01 v1.5 Detect VTeX and its facilities (HO)
Package ifvtex Info: VTeX not detected.
)
(/usr/local/texlive/2015/texmf-dist/tex/generic/ifxetex/ifxetex.sty
Package: ifxetex 2010/09/12 v0.6 Provides ifxetex conditional
)
\Gm@cnth=\count87
\Gm@cntv=\count88
\c@Gm@tempcnt=\count89
\Gm@bindingoffset=\dimen103
\Gm@wd@mp=\dimen104
\Gm@odd@mp=\dimen105
\Gm@even@mp=\dimen106
\Gm@layoutwidth=\dimen107
\Gm@layoutheight=\dimen108
\Gm@layouthoffset=\dimen109
\Gm@layoutvoffset=\dimen110
\Gm@dimlist=\toks15
)
(/usr/local/texlive/2015/texmf-dist/tex/latex/natbib/natbib.sty
Package: natbib 2010/09/13 8.31b (PWD, AO)
\bibhang=\skip43
\bibsep=\skip44
LaTeX Info: Redefining \cite on input line 694.
\c@NAT@ctr=\count90
)
(/usr/local/texlive/2015/texmf-dist/tex/latex/float/float.sty
Package: float 2001/11/08 v1.3d Float enhancements (AL)
\c@float@type=\count91
\float@exts=\toks16
\float@box=\box26
\@float@everytoks=\toks17
\@floatcapt=\box27
)
(/usr/local/texlive/2015/texmf-dist/tex/latex/rotating/rotating.sty
Package: rotating 2009/03/28 v2.16a rotated objects in LaTeX

(/usr/local/texlive/2015/texmf-dist/tex/latex/graphics/graphicx.sty
Package: graphicx 2014/10/28 v1.0g Enhanced LaTeX Graphics (DPC,SPQR)

(/usr/local/texlive/2015/texmf-dist/tex/latex/graphics/graphics.sty
Package: graphics 2014/10/28 v1.0p Standard LaTeX Graphics (DPC,SPQR)

(/usr/local/texlive/2015/texmf-dist/tex/latex/graphics/trig.sty
Package: trig 1999/03/16 v1.09 sin cos tan (DPC)
)
(/usr/local/texlive/2015/texmf-dist/tex/latex/latexconfig/graphics.cfg
File: graphics.cfg 2010/04/23 v1.9 graphics configuration of TeX Live
)
Package graphics Info: Driver file: pdftex.def on input line 94.

(/usr/local/texlive/2015/texmf-dist/tex/latex/pdftex-def/pdftex.def
File: pdftex.def 2011/05/27 v0.06d Graphics/color for pdfTeX

(/usr/local/texlive/2015/texmf-dist/tex/generic/oberdiek/infwarerr.sty
Package: infwarerr 2010/04/08 v1.3 Providing info/warning/error messages (HO)
)
(/usr/local/texlive/2015/texmf-dist/tex/generic/oberdiek/ltxcmds.sty
Package: ltxcmds 2011/11/09 v1.22 LaTeX kernel commands for general use (HO)
)
\Gread@gobject=\count92
))
\Gin@req@height=\dimen111
\Gin@req@width=\dimen112
)
(/usr/local/texlive/2015/texmf-dist/tex/latex/base/ifthen.sty
Package: ifthen 2014/09/29 v1.1c Standard LaTeX ifthen package (DPC)
)
\c@r@tfl@t=\count93
\rotFPtop=\skip45
\rotFPbot=\skip46
\rot@float@box=\box28
\rot@mess@toks=\toks18
)
(/usr/local/texlive/2015/texmf-dist/tex/latex/wrapfig/wrapfig.sty
\wrapoverhang=\dimen113
\WF@size=\dimen114
\c@WF@wrappedlines=\count94
\WF@box=\box29
\WF@everypar=\toks19
Package: wrapfig 2003/01/31  v 3.6
)
(/usr/local/texlive/2015/texmf-dist/tex/latex/changepage/changepage.sty
Package: changepage 2009/10/20 v1.0c check page and change page layout
\c@cp@cntr=\count95
\cp@tempcnt=\count96
)
(/usr/local/texlive/2015/texmf-dist/tex/latex/xcolor/xcolor.sty
Package: xcolor 2007/01/21 v2.11 LaTeX color extensions (UK)

(/usr/local/texlive/2015/texmf-dist/tex/latex/latexconfig/color.cfg
File: color.cfg 2007/01/18 v1.5 color configuration of teTeX/TeXLive
)
Package xcolor Info: Driver file: pdftex.def on input line 225.

(/usr/local/texlive/2015/texmf-dist/tex/latex/colortbl/colortbl.sty
Package: colortbl 2012/02/13 v1.0a Color table columns (DPC)

(/usr/local/texlive/2015/texmf-dist/tex/latex/tools/array.sty
Package: array 2014/10/28 v2.4c Tabular extension package (FMi)
\col@sep=\dimen115
\extrarowheight=\dimen116
\NC@list=\toks20
\extratabsurround=\skip47
\backup@length=\skip48
)
\everycr=\toks21
\minrowclearance=\skip49
)
\rownum=\count97
Package xcolor Info: Model `cmy' substituted by `cmy0' on input line 1337.
Package xcolor Info: Model `hsb' substituted by `rgb' on input line 1341.
Package xcolor Info: Model `RGB' extended on input line 1353.
Package xcolor Info: Model `HTML' substituted by `rgb' on input line 1355.
Package xcolor Info: Model `Hsb' substituted by `hsb' on input line 1356.
Package xcolor Info: Model `tHsb' substituted by `hsb' on input line 1357.
Package xcolor Info: Model `HSB' substituted by `hsb' on input line 1358.
Package xcolor Info: Model `Gray' substituted by `gray' on input line 1359.
Package xcolor Info: Model `wave' substituted by `hsb' on input line 1360.
)
(/usr/local/texlive/2015/texmf-dist/tex/latex/setspace/setspace.sty
Package: setspace 2011/12/19 v6.7a set line spacing
)
(/usr/local/texlive/2015/texmf-dist/tex/latex/was/gensymb.sty
Package: gensymb 2003/07/02 v1.0 (WaS)
)
(/usr/local/texlive/2015/texmf-dist/tex/latex/caption/caption.sty
Package: caption 2013/05/02 v3.3-89 Customizing captions (AR)

(/usr/local/texlive/2015/texmf-dist/tex/latex/caption/caption3.sty
Package: caption3 2013/05/02 v1.6-88 caption3 kernel (AR)
Package caption3 Info: TeX engine: e-TeX on input line 57.
\captionmargin=\dimen117
\captionmargin@=\dimen118
\captionwidth=\dimen119
\caption@tempdima=\dimen120
\caption@indent=\dimen121
\caption@parindent=\dimen122
\caption@hangindent=\dimen123
)
\c@ContinuedFloat=\count98
Package caption Info: float package is loaded.
Package caption Info: rotating package is loaded.
Package caption Info: wrapfig package is loaded.
)
(/usr/local/texlive/2015/texmf-dist/tex/latex/tocbibind/tocbibind.sty
Package: tocbibind 2010/10/13 v1.5k extra ToC listings
Package tocbibind Info: The document has section divisions on input line 50.


Package tocbibind Note: Using section or other style headings.

) (/usr/local/texlive/2015/texmf-dist/tex/latex/hyperref/hyperref.sty
Package: hyperref 2012/11/06 v6.83m Hypertext links for LaTeX

(/usr/local/texlive/2015/texmf-dist/tex/generic/oberdiek/hobsub-hyperref.sty
Package: hobsub-hyperref 2012/05/28 v1.13 Bundle oberdiek, subset hyperref (HO)


(/usr/local/texlive/2015/texmf-dist/tex/generic/oberdiek/hobsub-generic.sty
Package: hobsub-generic 2012/05/28 v1.13 Bundle oberdiek, subset generic (HO)
Package: hobsub 2012/05/28 v1.13 Construct package bundles (HO)
Package hobsub Info: Skipping package `infwarerr' (already loaded).
Package hobsub Info: Skipping package `ltxcmds' (already loaded).
Package: ifluatex 2010/03/01 v1.3 Provides the ifluatex switch (HO)
Package ifluatex Info: LuaTeX not detected.
Package hobsub Info: Skipping package `ifvtex' (already loaded).
Package: intcalc 2007/09/27 v1.1 Expandable calculations with integers (HO)
Package hobsub Info: Skipping package `ifpdf' (already loaded).
Package: etexcmds 2011/02/16 v1.5 Avoid name clashes with e-TeX commands (HO)
Package etexcmds Info: Could not find \expanded.
(etexcmds)             That can mean that you are not using pdfTeX 1.50 or
(etexcmds)             that some package has redefined \expanded.
(etexcmds)             In the latter case, load this package earlier.
Package: kvsetkeys 2012/04/25 v1.16 Key value parser (HO)
Package: kvdefinekeys 2011/04/07 v1.3 Define keys (HO)
Package: pdftexcmds 2011/11/29 v0.20 Utility functions of pdfTeX for LuaTeX (HO
)
Package pdftexcmds Info: LuaTeX not detected.
Package pdftexcmds Info: \pdf@primitive is available.
Package pdftexcmds Info: \pdf@ifprimitive is available.
Package pdftexcmds Info: \pdfdraftmode found.
Package: pdfescape 2011/11/25 v1.13 Implements pdfTeX's escape features (HO)
Package: bigintcalc 2012/04/08 v1.3 Expandable calculations on big integers (HO
)
Package: bitset 2011/01/30 v1.1 Handle bit-vector datatype (HO)
Package: uniquecounter 2011/01/30 v1.2 Provide unlimited unique counter (HO)
)
Package hobsub Info: Skipping package `hobsub' (already loaded).
Package: letltxmacro 2010/09/02 v1.4 Let assignment for LaTeX macros (HO)
Package: hopatch 2012/05/28 v1.2 Wrapper for package hooks (HO)
Package: xcolor-patch 2011/01/30 xcolor patch
Package: atveryend 2011/06/30 v1.8 Hooks at the very end of document (HO)
Package atveryend Info: \enddocument detected (standard20110627).
Package: atbegshi 2011/10/05 v1.16 At begin shipout hook (HO)
Package: refcount 2011/10/16 v3.4 Data extraction from label references (HO)
Package: hycolor 2011/01/30 v1.7 Color options for hyperref/bookmark (HO)
)
(/usr/local/texlive/2015/texmf-dist/tex/latex/oberdiek/auxhook.sty
Package: auxhook 2011/03/04 v1.3 Hooks for auxiliary files (HO)
)
(/usr/local/texlive/2015/texmf-dist/tex/latex/oberdiek/kvoptions.sty
Package: kvoptions 2011/06/30 v3.11 Key value format for package options (HO)
)
\@linkdim=\dimen124
\Hy@linkcounter=\count99
\Hy@pagecounter=\count100

(/usr/local/texlive/2015/texmf-dist/tex/latex/hyperref/pd1enc.def
File: pd1enc.def 2012/11/06 v6.83m Hyperref: PDFDocEncoding definition (HO)
)
\Hy@SavedSpaceFactor=\count101

(/usr/local/texlive/2015/texmf-dist/tex/latex/latexconfig/hyperref.cfg
File: hyperref.cfg 2002/06/06 v1.2 hyperref configuration of TeXLive
)
Package hyperref Info: Hyper figures OFF on input line 4443.
Package hyperref Info: Link nesting OFF on input line 4448.
Package hyperref Info: Hyper index ON on input line 4451.
Package hyperref Info: Plain pages OFF on input line 4458.
Package hyperref Info: Backreferencing OFF on input line 4463.
Package hyperref Info: Implicit mode ON; LaTeX internals redefined.
Package hyperref Info: Bookmarks ON on input line 4688.
\c@Hy@tempcnt=\count102

(/usr/local/texlive/2015/texmf-dist/tex/latex/url/url.sty
\Urlmuskip=\muskip10
Package: url 2013/09/16  ver 3.4  Verb mode for urls, etc.
)
LaTeX Info: Redefining \url on input line 5041.
\XeTeXLinkMargin=\dimen125
\Fld@menulength=\count103
\Field@Width=\dimen126
\Fld@charsize=\dimen127
Package hyperref Info: Hyper figures OFF on input line 6295.
Package hyperref Info: Link nesting OFF on input line 6300.
Package hyperref Info: Hyper index ON on input line 6303.
Package hyperref Info: backreferencing OFF on input line 6310.
Package hyperref Info: Link coloring OFF on input line 6315.
Package hyperref Info: Link coloring with OCG OFF on input line 6320.
Package hyperref Info: PDF/A mode OFF on input line 6325.
LaTeX Info: Redefining \ref on input line 6365.
LaTeX Info: Redefining \pageref on input line 6369.
\Hy@abspage=\count104
\c@Item=\count105
\c@Hfootnote=\count106
)

Package hyperref Message: Driver (autodetected): hpdftex.

(/usr/local/texlive/2015/texmf-dist/tex/latex/hyperref/hpdftex.def
File: hpdftex.def 2012/11/06 v6.83m Hyperref driver for pdfTeX
\Fld@listcount=\count107
\c@bookmark@seq@number=\count108

(/usr/local/texlive/2015/texmf-dist/tex/latex/oberdiek/rerunfilecheck.sty
Package: rerunfilecheck 2011/04/15 v1.7 Rerun checks for auxiliary files (HO)
Package uniquecounter Info: New unique counter `rerunfilecheck' on input line 2
82.
)
\Hy@SectionHShift=\skip50
)
Package hyperref Info: Option `colorlinks' set `true' on input line 35.
Package hyperref Info: Option `linktocpage' set `true' on input line 35.

(/usr/local/texlive/2015/texmf-dist/tex/latex/cleveref/cleveref.sty
Package: cleveref 2013/12/28 v0.19 Intelligent cross-referencing
Package cleveref Info: `hyperref' support loaded on input line 2230.
LaTeX Info: Redefining \cref on input line 2230.
LaTeX Info: Redefining \Cref on input line 2230.
LaTeX Info: Redefining \crefrange on input line 2230.
LaTeX Info: Redefining \Crefrange on input line 2230.
LaTeX Info: Redefining \cpageref on input line 2230.
LaTeX Info: Redefining \Cpageref on input line 2230.
LaTeX Info: Redefining \cpagerefrange on input line 2230.
LaTeX Info: Redefining \Cpagerefrange on input line 2230.
LaTeX Info: Redefining \labelcref on input line 2230.
LaTeX Info: Redefining \labelcpageref on input line 2230.
Package cleveref Info: no abbreviation of names on input line 7493.
)
(./final_paper.aux

LaTeX Warning: Label `GWR_height' multiply defined.


LaTeX Warning: Label `GWR_height@cref' multiply defined.

)
\openout1 = `final_paper.aux'.

LaTeX Font Info:    Checking defaults for OML/cmm/m/it on input line 39.
LaTeX Font Info:    ... okay on input line 39.
LaTeX Font Info:    Checking defaults for T1/cmr/m/n on input line 39.
LaTeX Font Info:    ... okay on input line 39.
LaTeX Font Info:    Checking defaults for OT1/cmr/m/n on input line 39.
LaTeX Font Info:    ... okay on input line 39.
LaTeX Font Info:    Checking defaults for OMS/cmsy/m/n on input line 39.
LaTeX Font Info:    ... okay on input line 39.
LaTeX Font Info:    Checking defaults for OMX/cmex/m/n on input line 39.
LaTeX Font Info:    ... okay on input line 39.
LaTeX Font Info:    Checking defaults for U/cmr/m/n on input line 39.
LaTeX Font Info:    ... okay on input line 39.
LaTeX Font Info:    Checking defaults for PD1/pdf/m/n on input line 39.
LaTeX Font Info:    ... okay on input line 39.

*geometry* driver: auto-detecting
*geometry* detected driver: pdftex
*geometry* verbose mode - [ preamble ] result:
* driver: pdftex
* paper: a4paper
* layout: <same size as paper>
* layoutoffset:(h,v)=(0.0pt,0.0pt)
* modes: 
* h-part:(L,W,R)=(72.26999pt, 452.9679pt, 72.26999pt)
* v-part:(T,H,B)=(72.26999pt, 700.50687pt, 72.26999pt)
* \paperwidth=597.50787pt
* \paperheight=845.04684pt
* \textwidth=452.9679pt
* \textheight=700.50687pt
* \oddsidemargin=0.0pt
* \evensidemargin=0.0pt
* \topmargin=-37.0pt
* \headheight=12.0pt
* \headsep=25.0pt
* \topskip=12.0pt
* \footskip=18.06749pt
* \marginparwidth=35.0pt
* \marginparsep=10.0pt
* \columnsep=10.0pt
* \skip\footins=10.8pt plus 4.0pt minus 2.0pt
* \hoffset=0.0pt
* \voffset=0.0pt
* \mag=1000
* \@twocolumnfalse
* \@twosidefalse
* \@mparswitchfalse
* \@reversemarginfalse
* (1in=72.27pt=25.4mm, 1cm=28.453pt)

(/usr/local/texlive/2015/texmf-dist/tex/context/base/supp-pdf.mkii
[Loading MPS to PDF converter (version 2006.09.02).]
\scratchcounter=\count109
\scratchdimen=\dimen128
\scratchbox=\box30
\nofMPsegments=\count110
\nofMParguments=\count111
\everyMPshowfont=\toks22
\MPscratchCnt=\count112
\MPscratchDim=\dimen129
\MPnumerator=\count113
\makeMPintoPDFobject=\count114
\everyMPtoPDFconversion=\toks23
) (/usr/local/texlive/2015/texmf-dist/tex/latex/oberdiek/epstopdf-base.sty
Package: epstopdf-base 2010/02/09 v2.5 Base part for package epstopdf

(/usr/local/texlive/2015/texmf-dist/tex/latex/oberdiek/grfext.sty
Package: grfext 2010/08/19 v1.1 Manage graphics extensions (HO)
)
Package grfext Info: Graphics extension search list:
(grfext)             [.png,.pdf,.jpg,.mps,.jpeg,.jbig2,.jb2,.PNG,.PDF,.JPG,.JPE
G,.JBIG2,.JB2,.eps]
(grfext)             \AppendGraphicsExtensions on input line 452.

(/usr/local/texlive/2015/texmf-dist/tex/latex/latexconfig/epstopdf-sys.cfg
File: epstopdf-sys.cfg 2010/07/13 v1.3 Configuration of (r)epstopdf for TeX Liv
e
))
LaTeX Info: Redefining \celsius on input line 39.
Package gensymb Info: Faking symbols for \degree and \celsius on input line 39.



Package gensymb Warning: Not defining \perthousand.

LaTeX Info: Redefining \ohm on input line 39.
Package gensymb Info: Using \Omega for \ohm on input line 39.

Package gensymb Warning: Not defining \micro.

Package caption Info: Begin \AtBeginDocument code.
Package caption Info: hyperref package is loaded.
Package caption Info: End \AtBeginDocument code.
\AtBeginShipoutBox=\box31
Package hyperref Info: Link coloring ON on input line 39.
(/usr/local/texlive/2015/texmf-dist/tex/latex/hyperref/nameref.sty
Package: nameref 2012/10/27 v2.43 Cross-referencing by name of section

(/usr/local/texlive/2015/texmf-dist/tex/generic/oberdiek/gettitlestring.sty
Package: gettitlestring 2010/12/03 v1.4 Cleanup title references (HO)
)
\c@section@level=\count115
)
LaTeX Info: Redefining \ref on input line 39.
LaTeX Info: Redefining \pageref on input line 39.
LaTeX Info: Redefining \nameref on input line 39.

(./final_paper.out) (./final_paper.out)
\@outlinefile=\write3
\openout3 = `final_paper.out'.

 [1

{/usr/local/texlive/2015/texmf-var/fonts/map/pdftex/updmap/pdftex.map}] (./fina
l_paper.toc
LaTeX Font Info:    External font `cmex10' loaded for size
(Font)              <12> on input line 2.
LaTeX Font Info:    External font `cmex10' loaded for size
(Font)              <8> on input line 2.
LaTeX Font Info:    External font `cmex10' loaded for size
(Font)              <6> on input line 2.
)
\tf@toc=\write4
\openout4 = `final_paper.toc'.

pdfTeX warning (ext4): destination with the same identifier (name{page.1}) has 
been already used, duplicate ignored
<to be read again> 
                   \relax 
l.76 \newpage
              [1] [2] [3] [4] [5] [6] [7]
LaTeX Font Info:    Try loading font information for OMS+cmr on input line 132.


(/usr/local/texlive/2015/texmf-dist/tex/latex/base/omscmr.fd
File: omscmr.fd 2014/09/29 v2.5h Standard LaTeX font definitions
)
LaTeX Font Info:    Font shape `OMS/cmr/m/n' in size <12> not available
(Font)              Font shape `OMS/cmsy/m/n' tried instead on input line 132.
 [8] [9] [10]
[11] [12] [13]
<../figures/Eplot_Boxplot_Cnpy_vs_Height&DBH.png, id=243, 726.715pt x 1032.8587
5pt>
File: ../figures/Eplot_Boxplot_Cnpy_vs_Height&DBH.png Graphic file (type png)
 <use ../figures/Eplot_Boxplot_Cnpy_vs_Height&DBH.png>
Package pdftex.def Info: ../figures/Eplot_Boxplot_Cnpy_vs_Height&DBH.png used o
n input line 175.
(pdftex.def)             Requested size: 399.69447pt x 568.07407pt.

<../figures/Eplot_Scatter_Height_vs_DBH_by_Cnpy&Species.png, id=245, 1174.3875p
t x 887.315pt>
File: ../figures/Eplot_Scatter_Height_vs_DBH_by_Cnpy&Species.png Graphic file (
type png)

<use ../figures/Eplot_Scatter_Height_vs_DBH_by_Cnpy&Species.png>
Package pdftex.def Info: ../figures/Eplot_Scatter_Height_vs_DBH_by_Cnpy&Species
.png used on input line 184.
(pdftex.def)             Requested size: 645.91513pt x 488.02477pt.

<../figures/Eplot_TreeMap_bySpecies_byDBH.png, id=246, 901.3675pt x 668.4975pt>
File: ../figures/Eplot_TreeMap_bySpecies_byDBH.png Graphic file (type png)
<use ../figures/Eplot_TreeMap_bySpecies_byDBH.png>
Package pdftex.def Info: ../figures/Eplot_TreeMap_bySpecies_byDBH.png used on i
nput line 194.
(pdftex.def)             Requested size: 676.02396pt x 501.37189pt.

<../figures/Eplot_TreeMap_byCnpy_byDBH.png, id=247, 901.3675pt x 650.43pt>
File: ../figures/Eplot_TreeMap_byCnpy_byDBH.png Graphic file (type png)

<use ../figures/Eplot_TreeMap_byCnpy_byDBH.png>
Package pdftex.def Info: ../figures/Eplot_TreeMap_byCnpy_byDBH.png used on inpu
t line 204.
(pdftex.def)             Requested size: 676.02396pt x 487.8213pt.
 [14 <../figures/Eplot_Boxplot_Cnpy_vs_Height&DBH.png>] [15 <../figures/Eplot_S
catter_Height_vs_DBH_by_Cnpy&Species.png>] [16 <../figures/Eplot_TreeMap_bySpec
ies_byDBH.png>] [17 <../figures/Eplot_TreeMap_byCnpy_byDBH.png>]
<../figures/OLS_mod_residuals_map.png, id=276, 487.8225pt x 335.2525pt>
File: ../figures/OLS_mod_residuals_map.png Graphic file (type png)

<use ../figures/OLS_mod_residuals_map.png>
Package pdftex.def Info: ../figures/OLS_mod_residuals_map.png used on input lin
e 225.
(pdftex.def)             Requested size: 390.25853pt x 268.20236pt.

<../figures/OLS_mod_residuals_by_Canopy.png, id=277, 617.30624pt x 323.2075pt>
File: ../figures/OLS_mod_residuals_by_Canopy.png Graphic file (type png)

<use ../figures/OLS_mod_residuals_by_Canopy.png>
Package pdftex.def Info: ../figures/OLS_mod_residuals_by_Canopy.png used on inp
ut line 233.
(pdftex.def)             Requested size: 432.11142pt x 226.2437pt.

<../figures/SFE_mod_residuals_map.png, id=278, 487.8225pt x 335.2525pt>
File: ../figures/SFE_mod_residuals_map.png Graphic file (type png)

<use ../figures/SFE_mod_residuals_map.png>
Package pdftex.def Info: ../figures/SFE_mod_residuals_map.png used on input lin
e 242.
(pdftex.def)             Requested size: 390.25853pt x 268.20236pt.
 [18 <../figures/OLS_mod_residuals_map.png> <../figures/OLS_mod_residuals_by_Ca
nopy.png>]
<../figures/SFE_mod_residuals_by_Canopy.png, id=286, 617.30624pt x 323.2075pt>
File: ../figures/SFE_mod_residuals_by_Canopy.png Graphic file (type png)

<use ../figures/SFE_mod_residuals_by_Canopy.png>
Package pdftex.def Info: ../figures/SFE_mod_residuals_by_Canopy.png used on inp
ut line 250.
(pdftex.def)             Requested size: 432.11142pt x 226.2437pt.

<../figures/ESDA_height.png, id=287, 933.4875pt x 644.4075pt>
File: ../figures/ESDA_height.png Graphic file (type png)

<use ../figures/ESDA_height.png>
Package pdftex.def Info: ../figures/ESDA_height.png used on input line 263.
(pdftex.def)             Requested size: 420.06549pt x 289.9807pt.
 [19 <../figures/SFE_mod_residuals_map.png> <../figures/SFE_mod_residuals_by_Ca
nopy.png>]
<../figures/ESDA_dbh.png, id=294, 933.4875pt x 644.4075pt>
File: ../figures/ESDA_dbh.png Graphic file (type png)

<use ../figures/ESDA_dbh.png>
Package pdftex.def Info: ../figures/ESDA_dbh.png used on input line 271.
(pdftex.def)             Requested size: 420.06549pt x 289.9807pt.

<../figures/ESDA_cnpy.png, id=295, 926.46124pt x 644.4075pt>
File: ../figures/ESDA_cnpy.png Graphic file (type png)

<use ../figures/ESDA_cnpy.png>
Package pdftex.def Info: ../figures/ESDA_cnpy.png used on input line 279.
(pdftex.def)             Requested size: 416.9037pt x 289.9807pt.
 [20 <../figures/ESDA_height.png> <../figures/ESDA_dbh.png>] <../figures/ESDA_d
ensity.png, id=305, 933.4875pt x 644.4075pt>
File: ../figures/ESDA_density.png Graphic file (type png)

<use ../figures/ESDA_density.png>
Package pdftex.def Info: ../figures/ESDA_density.png used on input line 287.
(pdftex.def)             Requested size: 420.06549pt x 289.9807pt.

<../figures/ESDA_richness.png, id=306, 926.46124pt x 644.4075pt>
File: ../figures/ESDA_richness.png Graphic file (type png)

<use ../figures/ESDA_richness.png>
Package pdftex.def Info: ../figures/ESDA_richness.png used on input line 295.
(pdftex.def)             Requested size: 416.9037pt x 289.9807pt.
 [21 <../figures/ESDA_cnpy.png> <../figures/ESDA_density.png>] <../figures/ESDA
_shi.png, id=315, 937.5025pt x 644.4075pt>
File: ../figures/ESDA_shi.png Graphic file (type png)

<use ../figures/ESDA_shi.png>
Package pdftex.def Info: ../figures/ESDA_shi.png used on input line 303.
(pdftex.def)             Requested size: 421.87222pt x 289.9807pt.

<../figures/GWR_intercept.png, id=316, 3223.04124pt x 1098.1025pt>
File: ../figures/GWR_intercept.png Graphic file (type png)

<use ../figures/GWR_intercept.png>
Package pdftex.def Info: ../figures/GWR_intercept.png used on input line 318.
(pdftex.def)             Requested size: 419.01007pt x 142.75833pt.
 [22 <../figures/ESDA_richness.png> <../figures/ESDA_shi.png>]
<../figures/GWR_height.png, id=325, 3190.92125pt x 1111.15125pt>
File: ../figures/GWR_height.png Graphic file (type png)

<use ../figures/GWR_height.png>
Package pdftex.def Info: ../figures/GWR_height.png used on input line 327.
(pdftex.def)             Requested size: 414.83434pt x 144.45473pt.

<../figures/GWR_dbh.png, id=326, 3190.92125pt x 1098.1025pt>
File: ../figures/GWR_dbh.png Graphic file (type png)

<use ../figures/GWR_dbh.png>
Package pdftex.def Info: ../figures/GWR_dbh.png used on input line 336.
(pdftex.def)             Requested size: 414.83434pt x 142.75833pt.

<../figures/ModelComparison_Cnpy=1.png, id=327, 420.57124pt x 421.575pt>
File: ../figures/ModelComparison_Cnpy=1.png Graphic file (type png)

<use ../figures/ModelComparison_Cnpy=1.png>
Package pdftex.def Info: ../figures/ModelComparison_Cnpy=1.png used on input li
ne 347.
(pdftex.def)             Requested size: 273.36807pt x 274.0205pt.
 [23 <../figures/GWR_intercept.png> <../figures/GWR_height.png> <../figures/GWR
_dbh.png>]
<../figures/ModelComparison_Cnpy=2.png, id=338, 420.57124pt x 421.575pt>
File: ../figures/ModelComparison_Cnpy=2.png Graphic file (type png)

<use ../figures/ModelComparison_Cnpy=2.png>
Package pdftex.def Info: ../figures/ModelComparison_Cnpy=2.png used on input li
ne 355.
(pdftex.def)             Requested size: 273.36807pt x 274.0205pt.

<../figures/ModelComparison_Cnpy=3.png, id=339, 420.57124pt x 421.575pt>
File: ../figures/ModelComparison_Cnpy=3.png Graphic file (type png)

<use ../figures/ModelComparison_Cnpy=3.png>
Package pdftex.def Info: ../figures/ModelComparison_Cnpy=3.png used on input li
ne 363.
(pdftex.def)             Requested size: 273.36807pt x 274.0205pt.
 [24 <../figures/ModelComparison_Cnpy=1.png> <../figures/ModelComparison_Cnpy=2
.png>]
<../figures/ModelComparison_Cnpy=4.png, id=348, 420.57124pt x 421.575pt>
File: ../figures/ModelComparison_Cnpy=4.png Graphic file (type png)

<use ../figures/ModelComparison_Cnpy=4.png>
Package pdftex.def Info: ../figures/ModelComparison_Cnpy=4.png used on input li
ne 371.
(pdftex.def)             Requested size: 273.36807pt x 274.0205pt.

<../figures/ModelComparison_Cnpy=5.png, id=349, 430.60875pt x 421.575pt>
File: ../figures/ModelComparison_Cnpy=5.png Graphic file (type png)

<use ../figures/ModelComparison_Cnpy=5.png>
Package pdftex.def Info: ../figures/ModelComparison_Cnpy=5.png used on input li
ne 379.
(pdftex.def)             Requested size: 279.89236pt x 274.0205pt.
 [25 <../figures/ModelComparison_Cnpy=3.png> <../figures/ModelComparison_Cnpy=4
.png>]
<../figures/ModelComparison_Cnpy=6.png, id=358, 421.575pt x 421.575pt>
File: ../figures/ModelComparison_Cnpy=6.png Graphic file (type png)

<use ../figures/ModelComparison_Cnpy=6.png>
Package pdftex.def Info: ../figures/ModelComparison_Cnpy=6.png used on input li
ne 387.
(pdftex.def)             Requested size: 274.0205pt x 274.0205pt.
 [26 <../figures/ModelComparison_Cnpy=5.png> <../figures/ModelComparison_Cnpy=6
.png>] (./final_paper.bbl [27]
[28])

Package caption Warning: Unused \captionsetup[table] on input line 17.
See the caption package documentation for explanation.

Package atveryend Info: Empty hook `BeforeClearDocument' on input line 401.
[29]
Package atveryend Info: Empty hook `AfterLastShipout' on input line 401.
 (./final_paper.aux)
Package atveryend Info: Executing hook `AtVeryEndDocument' on input line 401.
Package atveryend Info: Executing hook `AtEndAfterFileList' on input line 401.
Package rerunfilecheck Info: File `final_paper.out' has not changed.
(rerunfilecheck)             Checksum: 989266704F0C72C69E37FDDD1D623C8C;1094.


LaTeX Warning: There were multiply-defined labels.

Package atveryend Info: Empty hook `AtVeryVeryEnd' on input line 401.
 ) 
Here is how much of TeX's memory you used:
 9634 strings out of 493089
 157897 string characters out of 6134842
 271352 words of memory out of 5000000
 12906 multiletter control sequences out of 15000+600000
 8847 words of font info for 31 fonts, out of 8000000 for 9000
 1141 hyphenation exceptions out of 8191
 41i,11n,38p,2375b,528s stack positions out of 5000i,500n,10000p,200000b,80000s
</usr/local/texlive/2015/texmf-dist/fonts/type1/public/amsfonts/cm/cmbx12.pfb
></usr/local/texlive/2015/texmf-dist/fonts/type1/public/amsfonts/cm/cmmi12.pfb>
</usr/local/texlive/2015/texmf-dist/fonts/type1/public/amsfonts/cm/cmmi8.pfb></
usr/local/texlive/2015/texmf-dist/fonts/type1/public/amsfonts/cm/cmr10.pfb></us
r/local/texlive/2015/texmf-dist/fonts/type1/public/amsfonts/cm/cmr12.pfb></usr/
local/texlive/2015/texmf-dist/fonts/type1/public/amsfonts/cm/cmr8.pfb></usr/loc
al/texlive/2015/texmf-dist/fonts/type1/public/amsfonts/cm/cmsy10.pfb></usr/loca
l/texlive/2015/texmf-dist/fonts/type1/public/amsfonts/cm/cmti12.pfb>
Output written on final_paper.pdf (30 pages, 4771427 bytes).
PDF statistics:
 429 PDF objects out of 1000 (max. 8388607)
 339 compressed objects within 4 object streams
 97 named destinations out of 1000 (max. 500000)
 260 words of extra memory for PDF output out of 10000 (max. 10000000)

